[debug] [2024-01-05T13:28:20.682Z] ----------------------------------------------------------------------
[debug] [2024-01-05T13:28:20.686Z] Command:       /home/ley/.nvm/versions/node/v20.3.0/bin/node /home/ley/.nvm/versions/node/v20.3.0/bin/firebase deploy
[debug] [2024-01-05T13:28:20.686Z] CLI Version:   13.0.2
[debug] [2024-01-05T13:28:20.687Z] Platform:      linux
[debug] [2024-01-05T13:28:20.687Z] Node Version:  v20.3.0
[debug] [2024-01-05T13:28:20.687Z] Time:          Fri Jan 05 2024 14:28:20 GMT+0100 (West Africa Standard Time)
[debug] [2024-01-05T13:28:20.687Z] ----------------------------------------------------------------------
[debug] 
[debug] [2024-01-05T13:28:20.691Z] >>> [apiv2][query] GET https://firebase-public.firebaseio.com/cli.json [none]
[debug] [2024-01-05T13:28:20.868Z] > command requires scopes: ["email","openid","https://www.googleapis.com/auth/cloudplatformprojects.readonly","https://www.googleapis.com/auth/firebase","https://www.googleapis.com/auth/cloud-platform"]
[debug] [2024-01-05T13:28:20.869Z] > authorizing via signed-in user (aduakastanley@gmail.com)
[debug] [2024-01-05T13:28:20.869Z] [iam] checking project littlewhiz-learner for permissions ["firebase.projects.get","firebasehosting.sites.update"]
[debug] [2024-01-05T13:28:20.871Z] > refreshing access token with scopes: []
[debug] [2024-01-05T13:28:20.872Z] >>> [apiv2][query] POST https://www.googleapis.com/oauth2/v3/token [none]
[debug] [2024-01-05T13:28:20.872Z] >>> [apiv2][body] POST https://www.googleapis.com/oauth2/v3/token [omitted]
[debug] [2024-01-05T13:28:20.880Z] *** [apiv2] error from fetch(https://firebase-public.firebaseio.com/cli.json, {"headers":{},"method":"GET"}): FetchError: request to https://firebase-public.firebaseio.com/cli.json failed, reason: getaddrinfo EAI_AGAIN firebase-public.firebaseio.com
[warn] ⚠  Unable to fetch the CLI MOTD and remote config. This is not a fatal error, but may indicate an issue with your network connection. 
[debug] [2024-01-05T13:28:20.882Z] Failed to fetch MOTD FirebaseError: Failed to make request to https://firebase-public.firebaseio.com/cli.json
[debug] [2024-01-05T13:28:20.882Z] *** [apiv2] error from fetch(https://www.googleapis.com/oauth2/v3/token, {"headers":{},"method":"POST","body":{"_overheadLength":545,"_valueLength":212,"_valuesToMeasure":[],"writable":false,"readable":true,"dataSize":0,"maxDataSize":2097152,"pauseStreams":true,"_released":true,"_streams":[],"_currentStream":null,"_insideLoop":false,"_pendingNext":false,"_boundary":"--------------------------327602017234234969076528","_events":{},"_eventsCount":1}}): FetchError: request to https://www.googleapis.com/oauth2/v3/token failed, reason: getaddrinfo EAI_AGAIN www.googleapis.com
[debug] [2024-01-05T13:28:20.883Z] [iam] error while checking permissions, command may fail: FirebaseError: Authentication Error: Your credentials are no longer valid. Please run firebase login --reauth

For CI servers and headless environments, generate a new token with firebase login:ci
[debug] [2024-01-05T13:28:20.884Z] > refreshing access token with scopes: []
[debug] [2024-01-05T13:28:20.884Z] >>> [apiv2][query] POST https://www.googleapis.com/oauth2/v3/token [none]
[debug] [2024-01-05T13:28:20.884Z] >>> [apiv2][body] POST https://www.googleapis.com/oauth2/v3/token [omitted]
[debug] [2024-01-05T13:28:20.892Z] *** [apiv2] error from fetch(https://www.googleapis.com/oauth2/v3/token, {"headers":{},"method":"POST","body":{"_overheadLength":545,"_valueLength":212,"_valuesToMeasure":[],"writable":false,"readable":true,"dataSize":0,"maxDataSize":2097152,"pauseStreams":true,"_released":true,"_streams":[],"_currentStream":null,"_insideLoop":false,"_pendingNext":false,"_boundary":"--------------------------710272801781039187550015","_events":{},"_eventsCount":1}}): FetchError: request to https://www.googleapis.com/oauth2/v3/token failed, reason: getaddrinfo EAI_AGAIN www.googleapis.com
[debug] [2024-01-05T13:28:20.893Z] Authentication Error: Your credentials are no longer valid. Please run firebase login --reauth

For CI servers and headless environments, generate a new token with firebase login:ci
[error] 
[error] Error: Assertion failed: resolving hosting target of a site with no site name or target name. This should have caused an error earlier
